<?xml version="1.0" encoding="UTF-8"?>
<Site BuildName="(empty)"
	BuildStamp="20260225-0757-Experimental"
	Name="barracuda"
	Generator="ctest-3.22.1"
	CompilerName="/usr/bin/g++-10"
	CompilerVersion="10.5.0"
	OSName="Linux"
	Hostname="barracuda"
	OSRelease="6.8.0-101-generic"
	OSVersion="#101~22.04.1-Ubuntu SMP PREEMPT_DYNAMIC Wed Feb 11 13:19:54 UTC "
	OSPlatform="x86_64"
	Is64Bits="1"
	VendorString="AuthenticAMD"
	VendorID="Advanced Micro Devices"
	FamilyID="25"
	ModelID="24"
	ProcessorCacheSize="1024"
	NumberOfLogicalCPU="48"
	NumberOfPhysicalCPU="24"
	TotalVirtualMemory="2047"
	TotalPhysicalMemory="128306"
	LogicalProcessorsPerPhysical="2"
	ProcessorClockFrequency="4792.29"
	>
	<Testing>
		<StartDateTime>Feb 25 15:57 +08</StartDateTime>
		<StartTestTime>1772006225</StartTestTime>
		<TestList/>
		<EndDateTime>Feb 25 15:57 +08</EndDateTime>
		<EndTestTime>1772006225</EndTestTime>
		<ElapsedMinutes>0</ElapsedMinutes>
	</Testing>
</Site>
